<?xml version="1.0" encoding="UTF-8"?>
<!-- Generated by org.testng.reporters.JUnitXMLReporter -->
<testsuite ignored="0" hostname="HP-PC" failures="0" tests="4" name="Default test" time="0.247" errors="0" timestamp="2020-05-03T12:09:38 IST">
  <testcase classname="TestNG_Practices.groupTestCase" name="Test1" time="0.054"/>
  <testcase classname="TestNG_Practices.groupTestCase" name="Test2" time="0.013"/>
  <testcase classname="TestNG_Practices.groupTestCase" name="Test3" time="0.009"/>
  <testcase classname="TestNG_Practices.groupTestCase" name="Test4" time="0.006"/>
</testsuite> <!-- Default test -->
