<?xml version="1.0" encoding="UTF-8"?>
<!-- Generated by org.testng.reporters.JUnitXMLReporter -->
<testsuite ignored="2" hostname="HP-PC" failures="0" tests="3" name="Test" time="0.184" errors="0" timestamp="2020-05-03T13:12:18 IST">
  <testcase classname="TestNG_Practices.groupTestCase" name="Test1" time="0.045"/>
  <testcase classname="TestNG_Practices.groupTestCase" name="Test3" time="0.006"/>
  <testcase classname="TestNG_Practices.groupTestCase" name="Test5" time="0.004"/>
  <testcase classname="TestNG_Practices.groupTestCase" name="Test2" time="0.0">
    <ignored/>
  </testcase> <!-- Test2 -->
  <testcase classname="TestNG_Practices.groupTestCase" name="Test4" time="0.0">
    <ignored/>
  </testcase> <!-- Test4 -->
</testsuite> <!-- Test -->
